<?xml version="1.0" encoding="UTF-8"?>
<!-- Generated by org.testng.reporters.JUnitReportReporter -->
<testsuite name="com.wipro.opencart.tests.RegistrationAndAddToCart" tests="5" time="165.191" ignored="0" failures="0" timestamp="14 Feb 2018 11:44:43 GMT" skipped="0" hostname="D-441008595" errors="0">
  <testcase name="addToWishlist" time="5.542" classname="com.wipro.opencart.tests.RegistrationAndAddToCart"/>
  <testcase name="addToCart" time="62.048" classname="com.wipro.opencart.tests.RegistrationAndAddToCart"/>
  <testcase name="addReviewOnViewedProduct" time="13.923" classname="com.wipro.opencart.tests.RegistrationAndAddToCart"/>
  <testcase name="addReviewOnViewedProduct" time="80.586" classname="com.wipro.opencart.tests.RegistrationAndAddToCart"/>
  <testcase name="registration" time="3.092" classname="com.wipro.opencart.tests.RegistrationAndAddToCart"/>
</testsuite> <!-- com.wipro.opencart.tests.RegistrationAndAddToCart -->
