<?xml version="1.0" encoding="UTF-8"?>
<!-- Generated by org.testng.reporters.JUnitReportReporter -->
<testsuite name="com.wipro.opencart.tests.OrderHistory" tests="1" time="76.392" ignored="0" failures="0" timestamp="14 Feb 2018 11:44:43 GMT" skipped="0" hostname="D-441008595" errors="0">
  <testcase name="orderHistory" time="76.392" classname="com.wipro.opencart.tests.OrderHistory"/>
</testsuite> <!-- com.wipro.opencart.tests.OrderHistory -->
